2017-08-07 18:09:57 - PHP Notice:  Undefined index: info in /var/www/trading/catalog/controller/extension/module/oc_page_builder.php on line 27
2017-08-07 18:09:57 - PHP Warning:  Invalid argument supplied for foreach() in /var/www/trading/catalog/controller/extension/module/oc_page_builder.php on line 27
2017-08-07 18:12:24 - PHP Notice:  Undefined index: info in /var/www/trading/catalog/controller/extension/module/oc_page_builder.php on line 27
2017-08-07 18:12:24 - PHP Warning:  Invalid argument supplied for foreach() in /var/www/trading/catalog/controller/extension/module/oc_page_builder.php on line 27
2017-08-07 18:13:15 - PHP Notice:  Undefined index: info in /var/www/trading/catalog/controller/extension/module/oc_page_builder.php on line 27
2017-08-07 18:13:15 - PHP Warning:  Invalid argument supplied for foreach() in /var/www/trading/catalog/controller/extension/module/oc_page_builder.php on line 27
2017-08-07 18:13:33 - PHP Notice:  Undefined index: info in /var/www/trading/catalog/controller/extension/module/oc_page_builder.php on line 27
2017-08-07 18:13:33 - PHP Warning:  Invalid argument supplied for foreach() in /var/www/trading/catalog/controller/extension/module/oc_page_builder.php on line 27
2017-08-07 18:14:18 - PHP Notice:  Undefined index: info in /var/www/trading/catalog/controller/extension/module/oc_page_builder.php on line 27
2017-08-07 18:14:18 - PHP Warning:  Invalid argument supplied for foreach() in /var/www/trading/catalog/controller/extension/module/oc_page_builder.php on line 27
2017-08-07 18:22:39 - PHP Notice:  Undefined index: info in /var/www/trading/catalog/controller/extension/module/oc_page_builder.php on line 27
2017-08-07 18:22:39 - PHP Warning:  Invalid argument supplied for foreach() in /var/www/trading/catalog/controller/extension/module/oc_page_builder.php on line 27
2017-08-07 18:24:42 - PHP Notice:  Undefined index: info in /var/www/trading/catalog/controller/extension/module/oc_page_builder.php on line 27
2017-08-07 18:24:42 - PHP Warning:  Invalid argument supplied for foreach() in /var/www/trading/catalog/controller/extension/module/oc_page_builder.php on line 27
2017-08-07 18:25:00 - PHP Notice:  Undefined index: info in /var/www/trading/catalog/controller/extension/module/oc_page_builder.php on line 27
2017-08-07 18:25:00 - PHP Warning:  Invalid argument supplied for foreach() in /var/www/trading/catalog/controller/extension/module/oc_page_builder.php on line 27
2017-08-07 18:25:52 - PHP Notice:  Undefined index: info in /var/www/trading/catalog/controller/extension/module/oc_page_builder.php on line 27
2017-08-07 18:25:52 - PHP Warning:  Invalid argument supplied for foreach() in /var/www/trading/catalog/controller/extension/module/oc_page_builder.php on line 27
2017-08-07 18:25:56 - PHP Notice:  Undefined index: info in /var/www/trading/catalog/controller/extension/module/oc_page_builder.php on line 27
2017-08-07 18:25:56 - PHP Warning:  Invalid argument supplied for foreach() in /var/www/trading/catalog/controller/extension/module/oc_page_builder.php on line 27
2017-08-07 18:26:22 - PHP Notice:  Undefined index: info in /var/www/trading/catalog/controller/extension/module/oc_page_builder.php on line 27
2017-08-07 18:26:22 - PHP Warning:  Invalid argument supplied for foreach() in /var/www/trading/catalog/controller/extension/module/oc_page_builder.php on line 27
2017-08-07 18:27:33 - PHP Notice:  Undefined index: info in /var/www/trading/catalog/controller/extension/module/oc_page_builder.php on line 27
2017-08-07 18:27:33 - PHP Warning:  Invalid argument supplied for foreach() in /var/www/trading/catalog/controller/extension/module/oc_page_builder.php on line 27
2017-08-07 18:41:08 - PHP Notice:  Undefined index: info in /var/www/trading/catalog/controller/extension/module/oc_page_builder.php on line 27
2017-08-07 18:41:08 - PHP Warning:  Invalid argument supplied for foreach() in /var/www/trading/catalog/controller/extension/module/oc_page_builder.php on line 27
2017-08-07 21:06:53 - PHP Notice:  Undefined index: info in /var/www/trading/catalog/controller/extension/module/oc_page_builder.php on line 27
2017-08-07 21:06:53 - PHP Warning:  Invalid argument supplied for foreach() in /var/www/trading/catalog/controller/extension/module/oc_page_builder.php on line 27
2017-08-07 21:12:55 - PHP Notice:  Undefined index: info in /var/www/trading/catalog/controller/extension/module/oc_page_builder.php on line 27
2017-08-07 21:12:55 - PHP Warning:  Invalid argument supplied for foreach() in /var/www/trading/catalog/controller/extension/module/oc_page_builder.php on line 27
2017-08-07 21:14:01 - PHP Notice:  Undefined index: info in /var/www/trading/catalog/controller/extension/module/oc_page_builder.php on line 27
2017-08-07 21:14:01 - PHP Warning:  Invalid argument supplied for foreach() in /var/www/trading/catalog/controller/extension/module/oc_page_builder.php on line 27
2017-08-07 21:21:47 - PHP Notice:  Undefined index: info in /var/www/trading/catalog/controller/extension/module/oc_page_builder.php on line 27
2017-08-07 21:21:47 - PHP Warning:  Invalid argument supplied for foreach() in /var/www/trading/catalog/controller/extension/module/oc_page_builder.php on line 27
2017-08-07 21:22:44 - PHP Notice:  Undefined index: info in /var/www/trading/catalog/controller/extension/module/oc_page_builder.php on line 27
2017-08-07 21:22:44 - PHP Warning:  Invalid argument supplied for foreach() in /var/www/trading/catalog/controller/extension/module/oc_page_builder.php on line 27
2017-08-07 21:23:02 - PHP Notice:  Undefined index: info in /var/www/trading/catalog/controller/extension/module/oc_page_builder.php on line 27
2017-08-07 21:23:02 - PHP Warning:  Invalid argument supplied for foreach() in /var/www/trading/catalog/controller/extension/module/oc_page_builder.php on line 27
2017-08-07 21:23:34 - PHP Notice:  Undefined index: info in /var/www/trading/catalog/controller/extension/module/oc_page_builder.php on line 27
2017-08-07 21:23:34 - PHP Warning:  Invalid argument supplied for foreach() in /var/www/trading/catalog/controller/extension/module/oc_page_builder.php on line 27
2017-08-07 21:33:10 - PHP Notice:  Undefined index: info in /var/www/trading/catalog/controller/extension/module/oc_page_builder.php on line 27
2017-08-07 21:33:10 - PHP Warning:  Invalid argument supplied for foreach() in /var/www/trading/catalog/controller/extension/module/oc_page_builder.php on line 27
2017-08-16 11:04:36 - PHP Warning:  imagejpeg(/var/www/kano/image/cache/catalog/slideshow/home8/slide-2-570x200.jpg): failed to open stream: Permission denied in /var/www/kano/system/library/image.php on line 64
2017-08-16 11:04:36 - PHP Warning:  imagejpeg(/var/www/kano/image/cache/catalog/slideshow/home8/slide-3-570x200.jpg): failed to open stream: Permission denied in /var/www/kano/system/library/image.php on line 64
2017-08-16 11:04:37 - PHP Warning:  imagejpeg(/var/www/kano/image/cache/catalog/IMG_0753-600x600.JPG): failed to open stream: Permission denied in /var/www/kano/system/library/image.php on line 64
2017-08-16 11:04:37 - PHP Warning:  imagejpeg(/var/www/kano/image/cache/catalog/IMG_0752-600x600.JPG): failed to open stream: Permission denied in /var/www/kano/system/library/image.php on line 64
2017-08-16 11:04:37 - PHP Warning:  imagejpeg(/var/www/kano/image/cache/catalog/IMG_0751-600x600.JPG): failed to open stream: Permission denied in /var/www/kano/system/library/image.php on line 64
2017-08-16 11:04:37 - PHP Warning:  imagejpeg(/var/www/kano/image/cache/catalog/IMG_0749-600x600.JPG): failed to open stream: Permission denied in /var/www/kano/system/library/image.php on line 64
2017-08-16 11:04:38 - PHP Warning:  imagejpeg(/var/www/kano/image/cache/catalog/IMG_1127-600x600.JPG): failed to open stream: Permission denied in /var/www/kano/system/library/image.php on line 64
2017-08-16 11:04:38 - PHP Warning:  imagejpeg(/var/www/kano/image/cache/catalog/IMG_1129-600x600.JPG): failed to open stream: Permission denied in /var/www/kano/system/library/image.php on line 64
2017-08-16 11:04:38 - PHP Warning:  imagejpeg(/var/www/kano/image/cache/catalog/IMG_1132-600x600.JPG): failed to open stream: Permission denied in /var/www/kano/system/library/image.php on line 64
2017-08-16 11:04:38 - PHP Warning:  imagejpeg(/var/www/kano/image/cache/catalog/IMG_1116-600x600.JPG): failed to open stream: Permission denied in /var/www/kano/system/library/image.php on line 64
2017-08-16 11:04:38 - PHP Warning:  imagejpeg(/var/www/kano/image/cache/catalog/IMG_1115-600x600.JPG): failed to open stream: Permission denied in /var/www/kano/system/library/image.php on line 64
2017-08-16 11:04:38 - PHP Warning:  imagejpeg(/var/www/kano/image/cache/catalog/IMG_0871-600x600.JPG): failed to open stream: Permission denied in /var/www/kano/system/library/image.php on line 64
2017-08-16 11:04:39 - PHP Warning:  imagejpeg(/var/www/kano/image/cache/catalog/IMG_1010-600x600.JPG): failed to open stream: Permission denied in /var/www/kano/system/library/image.php on line 64
2017-08-16 11:04:39 - PHP Warning:  imagejpeg(/var/www/kano/image/cache/catalog/IMG_1008-600x600.JPG): failed to open stream: Permission denied in /var/www/kano/system/library/image.php on line 64
2017-08-16 11:04:39 - PHP Warning:  imagejpeg(/var/www/kano/image/cache/catalog/IMG_1006-600x600.JPG): failed to open stream: Permission denied in /var/www/kano/system/library/image.php on line 64
2017-08-16 11:04:39 - PHP Warning:  imagejpeg(/var/www/kano/image/cache/catalog/IMG_0872-600x600.JPG): failed to open stream: Permission denied in /var/www/kano/system/library/image.php on line 64
2017-08-16 11:04:39 - PHP Warning:  imagejpeg(/var/www/kano/image/cache/catalog/IMG_0874-600x600.JPG): failed to open stream: Permission denied in /var/www/kano/system/library/image.php on line 64
2017-08-16 11:04:39 - PHP Warning:  imagejpeg(/var/www/kano/image/cache/catalog/IMG_0769-600x600.JPG): failed to open stream: Permission denied in /var/www/kano/system/library/image.php on line 64
2017-08-16 11:04:39 - PHP Warning:  imagejpeg(/var/www/kano/image/cache/catalog/IMG_0540-600x600.JPG): failed to open stream: Permission denied in /var/www/kano/system/library/image.php on line 64
2017-08-16 11:04:39 - PHP Warning:  imagejpeg(/var/www/kano/image/cache/catalog/IMG_0753-600x600.JPG): failed to open stream: Permission denied in /var/www/kano/system/library/image.php on line 64
2017-08-16 11:04:40 - PHP Warning:  imagejpeg(/var/www/kano/image/cache/catalog/IMG_0752-600x600.JPG): failed to open stream: Permission denied in /var/www/kano/system/library/image.php on line 64
2017-08-16 11:04:40 - PHP Warning:  imagejpeg(/var/www/kano/image/cache/catalog/IMG_0751-600x600.JPG): failed to open stream: Permission denied in /var/www/kano/system/library/image.php on line 64
2017-08-16 11:04:40 - PHP Warning:  imagejpeg(/var/www/kano/image/cache/catalog/IMG_0749-600x600.JPG): failed to open stream: Permission denied in /var/www/kano/system/library/image.php on line 64
2017-08-16 11:04:40 - PHP Warning:  imagejpeg(/var/www/kano/image/cache/catalog/IMG_1127-600x600.JPG): failed to open stream: Permission denied in /var/www/kano/system/library/image.php on line 64
2017-08-16 11:04:40 - PHP Warning:  imagejpeg(/var/www/kano/image/cache/catalog/IMG_1129-600x600.JPG): failed to open stream: Permission denied in /var/www/kano/system/library/image.php on line 64
2017-08-16 11:04:40 - PHP Warning:  imagejpeg(/var/www/kano/image/cache/catalog/IMG_1132-600x600.JPG): failed to open stream: Permission denied in /var/www/kano/system/library/image.php on line 64
2017-08-16 11:04:40 - PHP Warning:  imagejpeg(/var/www/kano/image/cache/catalog/IMG_1117-600x600.JPG): failed to open stream: Permission denied in /var/www/kano/system/library/image.php on line 64
2017-08-16 11:04:40 - PHP Warning:  imagejpeg(/var/www/kano/image/cache/catalog/IMG_1116-600x600.JPG): failed to open stream: Permission denied in /var/www/kano/system/library/image.php on line 64
2017-08-16 11:04:40 - PHP Warning:  imagejpeg(/var/www/kano/image/cache/catalog/IMG_1115-600x600.JPG): failed to open stream: Permission denied in /var/www/kano/system/library/image.php on line 64
2017-08-16 11:04:40 - PHP Warning:  imagejpeg(/var/www/kano/image/cache/catalog/IMG_0871-600x600.JPG): failed to open stream: Permission denied in /var/www/kano/system/library/image.php on line 64
2017-08-16 11:04:41 - PHP Warning:  imagejpeg(/var/www/kano/image/cache/catalog/IMG_1010-600x600.JPG): failed to open stream: Permission denied in /var/www/kano/system/library/image.php on line 64
2017-08-16 11:04:41 - PHP Warning:  imagejpeg(/var/www/kano/image/cache/catalog/IMG_1008-600x600.JPG): failed to open stream: Permission denied in /var/www/kano/system/library/image.php on line 64
2017-08-16 11:04:41 - PHP Warning:  imagejpeg(/var/www/kano/image/cache/catalog/IMG_0540-600x600.JPG): failed to open stream: Permission denied in /var/www/kano/system/library/image.php on line 64
2017-08-16 11:04:41 - PHP Warning:  imagejpeg(/var/www/kano/image/cache/catalog/IMG_0753-600x600.JPG): failed to open stream: Permission denied in /var/www/kano/system/library/image.php on line 64
2017-08-16 11:04:41 - PHP Warning:  imagejpeg(/var/www/kano/image/cache/catalog/IMG_0751-600x600.JPG): failed to open stream: Permission denied in /var/www/kano/system/library/image.php on line 64
2017-08-16 11:04:41 - PHP Warning:  imagejpeg(/var/www/kano/image/cache/catalog/IMG_0752-600x600.JPG): failed to open stream: Permission denied in /var/www/kano/system/library/image.php on line 64
2017-08-16 11:04:41 - PHP Warning:  imagejpeg(/var/www/kano/image/cache/catalog/IMG_0872-600x600.JPG): failed to open stream: Permission denied in /var/www/kano/system/library/image.php on line 64
2017-08-16 11:04:41 - PHP Warning:  imagejpeg(/var/www/kano/image/cache/catalog/IMG_0749-600x600.JPG): failed to open stream: Permission denied in /var/www/kano/system/library/image.php on line 64
2017-08-16 11:04:42 - PHP Warning:  imagejpeg(/var/www/kano/image/cache/catalog/IMG_1010-600x600.JPG): failed to open stream: Permission denied in /var/www/kano/system/library/image.php on line 64
2017-08-16 11:04:42 - PHP Warning:  imagejpeg(/var/www/kano/image/cache/catalog/IMG_1117-600x600.JPG): failed to open stream: Permission denied in /var/www/kano/system/library/image.php on line 64
2017-08-16 11:04:42 - PHP Warning:  imagejpeg(/var/www/kano/image/cache/catalog/IMG_1127-600x600.JPG): failed to open stream: Permission denied in /var/www/kano/system/library/image.php on line 64
2017-08-17 12:37:29 - PHP Notice:  Undefined index: model in /var/www/kano/system/storage/modification/admin/controller/catalog/product.php on line 1377
2017-08-17 12:37:29 - PHP Notice:  Undefined index: is_rotator in /var/www/kano/system/storage/modification/admin/controller/catalog/product.php on line 1276
2017-09-07 6:56:22 - PHP Notice:  Undefined index: japan in /var/www/kano/catalog/controller/extension/module/ocrandomslider.php on line 19
2017-09-07 6:57:02 - PHP Notice:  Undefined index: japan in /var/www/kano/catalog/controller/extension/module/ocrandomslider.php on line 19
2017-09-07 9:17:19 - PHP Notice:  Undefined index: japan in /var/www/kano/catalog/controller/extension/module/ocrandomslider.php on line 19
2017-09-17 8:16:12 - PHP Notice:  Undefined index: japan in /var/www/kano/catalog/controller/extension/module/ocrandomslider.php on line 19
2017-09-17 8:16:57 - PHP Notice:  Undefined index: japan in /var/www/kano/catalog/controller/extension/module/ocrandomslider.php on line 19
2017-09-17 8:17:05 - PHP Notice:  Undefined index: japan in /var/www/kano/catalog/controller/extension/module/ocrandomslider.php on line 19
2017-09-17 8:17:09 - PHP Notice:  Undefined index: japan in /var/www/kano/catalog/controller/extension/module/ocrandomslider.php on line 19
2017-09-17 8:17:40 - PHP Notice:  Undefined index: japan in /var/www/kano/catalog/controller/extension/module/ocrandomslider.php on line 19
2017-09-17 8:39:44 - PHP Notice:  Undefined index: japan in /var/www/kano/catalog/controller/extension/module/ocrandomslider.php on line 19
2017-09-17 8:39:53 - PHP Notice:  Undefined index: japan in /var/www/kano/catalog/controller/extension/module/ocrandomslider.php on line 19
2017-09-17 8:40:09 - PHP Notice:  Undefined index: japan in /var/www/kano/catalog/controller/extension/module/ocrandomslider.php on line 19
2017-09-17 8:40:10 - PHP Notice:  Undefined index: japan in /var/www/kano/catalog/controller/extension/module/ocrandomslider.php on line 19
2017-09-17 8:40:13 - PHP Notice:  Undefined index: japan in /var/www/kano/catalog/controller/extension/module/ocrandomslider.php on line 19
2017-09-17 8:40:16 - PHP Notice:  Undefined index: japan in /var/www/kano/catalog/controller/extension/module/ocrandomslider.php on line 19
2017-09-17 9:46:05 - PHP Notice:  Undefined index: japan in /var/www/kano/catalog/controller/extension/module/ocrandomslider.php on line 19
2017-09-17 9:54:08 - PHP Notice:  Undefined index: japan in /var/www/kano/catalog/controller/extension/module/ocrandomslider.php on line 19
2017-09-17 10:24:06 - PHP Warning:  fsockopen(): php_network_getaddresses: getaddrinfo failed: Name or service not known in /var/www/kano/system/library/mail.php on line 167
2017-09-17 10:24:06 - PHP Warning:  fsockopen(): unable to connect to postmaster@kanotrading.co.jp:25 (php_network_getaddresses: getaddrinfo failed: Name or service not known) in /var/www/kano/system/library/mail.php on line 167
2017-09-18 11:15:15 - PHP Notice:  Undefined index: japan in /var/www/kano/catalog/controller/extension/module/ocrandomslider.php on line 19
2017-09-18 11:15:23 - PHP Notice:  Undefined index: japan in /var/www/kano/catalog/controller/extension/module/ocrandomslider.php on line 19
2017-09-20 8:42:45 - PHP Notice:  Undefined index: japan in /var/www/kano/catalog/controller/extension/module/ocrandomslider.php on line 19
