---------- Date: 2016-05-23 12:09:35 ~ IP : ::1 ----------
REQUEST URI : /ytc_templates/opencart/so_maxshop2/layout2/
MOD DETAILS:
   modFile   : D:\xampp\htdocs\ytc_templates\opencart\so_maxshop2\vqmod/xml/opencart_shortcodes.xml
   id        : 
   version   : 2.1.0
   vqmver    : 
   author    : EchoThemes
VQModObject::parseMods - Could not resolve path for [catalog/controller/module/so_html.php] (SKIPPED)
----------------------------------------------------------------------


---------- Date: 2016-05-23 12:26:42 ~ IP : ::1 ----------
REQUEST URI : /ytc_templates/opencart/so_maxshop2/layout2/
MOD DETAILS:
   modFile   : D:\xampp\htdocs\ytc_templates\opencart\so_maxshop2\vqmod/xml/opencart_shortcodes.xml
   id        : 
   version   : 2.1.0
   vqmver    : 
   author    : EchoThemes
VQModObject::parseMods - Could not resolve path for [catalog/controller/module/so_html.php] (SKIPPED)
----------------------------------------------------------------------


---------- Date: 2016-05-23 12:27:20 ~ IP : ::1 ----------
REQUEST URI : /ytc_templates/opencart/so_maxshop2/layout2/
MOD DETAILS:
   modFile   : D:\xampp\htdocs\ytc_templates\opencart\so_maxshop2\vqmod/xml/opencart_shortcodes.xml
   id        : 
   version   : 2.1.0
   vqmver    : 
   author    : EchoThemes
VQModObject::parseMods - Could not resolve path for [catalog/controller/module/so_html.php] (SKIPPED)
----------------------------------------------------------------------


---------- Date: 2016-05-23 12:28:53 ~ IP : ::1 ----------
REQUEST URI : /ytc_templates/opencart/so_maxshop2/layout2/
MOD DETAILS:
   modFile   : D:\xampp\htdocs\ytc_templates\opencart\so_maxshop2\vqmod/xml/opencart_shortcodes.xml
   id        : 
   version   : 2.1.0
   vqmver    : 
   author    : EchoThemes
VQModObject::parseMods - Could not resolve path for [catalog/controller/module/so_html.php] (SKIPPED)
----------------------------------------------------------------------


---------- Date: 2016-05-23 12:29:01 ~ IP : ::1 ----------
REQUEST URI : /ytc_templates/opencart/so_maxshop2/layout2/
MOD DETAILS:
   modFile   : D:\xampp\htdocs\ytc_templates\opencart\so_maxshop2\vqmod/xml/opencart_shortcodes.xml
   id        : 
   version   : 2.1.0
   vqmver    : 
   author    : EchoThemes
VQModObject::parseMods - Could not resolve path for [catalog/controller/module/so_html.php] (SKIPPED)
----------------------------------------------------------------------


---------- Date: 2016-05-23 12:30:12 ~ IP : ::1 ----------
REQUEST URI : /ytc_templates/opencart/so_maxshop2/layout2/
MOD DETAILS:
   modFile   : D:\xampp\htdocs\ytc_templates\opencart\so_maxshop2\vqmod/xml/opencart_shortcodes.xml
   id        : 
   version   : 2.1.0
   vqmver    : 
   author    : EchoThemes
VQModObject::parseMods - Could not resolve path for [catalog/controller/module/so_html.php] (SKIPPED)
----------------------------------------------------------------------


---------- Date: 2016-05-23 12:33:51 ~ IP : ::1 ----------
REQUEST URI : /ytc_templates/opencart/so_maxshop2/layout2/
MOD DETAILS:
   modFile   : D:\xampp\htdocs\ytc_templates\opencart\so_maxshop2\vqmod/xml/opencart_shortcodes.xml
   id        : 
   version   : 2.1.0
   vqmver    : 
   author    : EchoThemes
VQModObject::parseMods - Could not resolve path for [catalog/controller/module/so_html.php] (SKIPPED)
----------------------------------------------------------------------


---------- Date: 2016-05-23 12:37:42 ~ IP : ::1 ----------
REQUEST URI : /ytc_templates/opencart/so_maxshop2/layout2/
MOD DETAILS:
   modFile   : D:\xampp\htdocs\ytc_templates\opencart\so_maxshop2\vqmod/xml/opencart_shortcodes.xml
   id        : 
   version   : 2.1.0
   vqmver    : 
   author    : EchoThemes
VQModObject::parseMods - Could not resolve path for [catalog/controller/module/so_html.php] (SKIPPED)
----------------------------------------------------------------------


---------- Date: 2016-05-23 12:38:21 ~ IP : ::1 ----------
REQUEST URI : /ytc_templates/opencart/so_maxshop2/layout2/
MOD DETAILS:
   modFile   : D:\xampp\htdocs\ytc_templates\opencart\so_maxshop2\vqmod/xml/opencart_shortcodes.xml
   id        : 
   version   : 2.1.0
   vqmver    : 
   author    : EchoThemes
VQModObject::parseMods - Could not resolve path for [catalog/controller/module/so_html.php] (SKIPPED)
----------------------------------------------------------------------


