---------- Date: 2016-05-31 04:16:43 ~ IP : ::1 ----------
REQUEST URI : /ytc_templates/opencart/so_maxshop2/
MOD DETAILS:
   modFile   : D:\xampp\htdocs\ytc_templates\opencart\so_maxshop2\vqmod/xml/opencart_shortcodes.xml
   id        : 
   version   : 2.1.0
   vqmver    : 
   author    : EchoThemes

File Name    : catalog/controller/module/so_html_content.php(0)
VQModObject::applyMod - SEARCH NOT FOUND (ABORTING MOD): $data['description']
----------------------------------------------------------------------


---------- Date: 2016-05-31 05:07:27 ~ IP : ::1 ----------
REQUEST URI : /ytc_templates/opencart/so_maxshop2/index.php?route=common/home
MOD DETAILS:
   modFile   : D:\xampp\htdocs\ytc_templates\opencart\so_maxshop2\vqmod/xml/opencart_shortcodes.xml
   id        : 
   version   : 2.1.0
   vqmver    : 
   author    : EchoThemes

File Name    : catalog/controller/module/so_html_content.php(0)
VQModObject::applyMod - SEARCH NOT FOUND (ABORTING MOD): $data['description']
----------------------------------------------------------------------


---------- Date: 2016-05-31 05:18:41 ~ IP : ::1 ----------
REQUEST URI : /ytc_templates/opencart/so_maxshop2/index.php?route=common/home
MOD DETAILS:
   modFile   : D:\xampp\htdocs\ytc_templates\opencart\so_maxshop2\vqmod/xml/opencart_shortcodes.xml
   id        : 
   version   : 2.1.0
   vqmver    : 
   author    : EchoThemes

File Name    : catalog/controller/module/so_html_content.php(0)
VQModObject::applyMod - SEARCH NOT FOUND (ABORTING MOD): $data['description']
----------------------------------------------------------------------


---------- Date: 2016-05-31 05:42:37 ~ IP : ::1 ----------
REQUEST URI : /ytc_templates/opencart/so_maxshop2/layout3/
MOD DETAILS:
   modFile   : D:\xampp\htdocs\ytc_templates\opencart\so_maxshop2\vqmod/xml/opencart_shortcodes.xml
   id        : 
   version   : 2.1.0
   vqmver    : 
   author    : EchoThemes

File Name    : catalog/controller/module/so_html_content.php(0)
VQModObject::applyMod - SEARCH NOT FOUND (ABORTING MOD): $data['description']
----------------------------------------------------------------------


---------- Date: 2016-05-31 05:44:15 ~ IP : ::1 ----------
REQUEST URI : /ytc_templates/opencart/so_maxshop2/layout3/
MOD DETAILS:
   modFile   : D:\xampp\htdocs\ytc_templates\opencart\so_maxshop2\vqmod/xml/opencart_shortcodes.xml
   id        : 
   version   : 2.1.0
   vqmver    : 
   author    : EchoThemes

File Name    : catalog/controller/module/so_html_content.php(0)
VQModObject::applyMod - SEARCH NOT FOUND (ABORTING MOD): $data['description']
----------------------------------------------------------------------


---------- Date: 2016-05-31 09:28:17 ~ IP : ::1 ----------
REQUEST URI : /ytc_templates/opencart/so_maxshop2/
MOD DETAILS:
   modFile   : D:\xampp\htdocs\ytc_templates\opencart\so_maxshop2\vqmod/xml/opencart_shortcodes.xml
   id        : 
   version   : 2.1.0
   vqmver    : 
   author    : EchoThemes

File Name    : catalog/controller/module/so_html_content.php(0)
VQModObject::applyMod - SEARCH NOT FOUND (ABORTING MOD): $data['description']
----------------------------------------------------------------------


---------- Date: 2016-05-31 10:02:55 ~ IP : ::1 ----------
REQUEST URI : /ytc_templates/opencart/so_maxshop2/index.php?route=product/product&product_id=47
MOD DETAILS:
   modFile   : D:\xampp\htdocs\ytc_templates\opencart\so_maxshop2\vqmod/xml/opencart_shortcodes.xml
   id        : 
   version   : 2.1.0
   vqmver    : 
   author    : EchoThemes

File Name    : catalog/controller/module/so_html_content.php(0)
VQModObject::applyMod - SEARCH NOT FOUND (ABORTING MOD): $data['description']
----------------------------------------------------------------------


