---------- Date: 2016-06-01 03:40:25 ~ IP : ::1 ----------
REQUEST URI : /ytc_templates/opencart/so_maxshop2/
MOD DETAILS:
   modFile   : D:\xampp\htdocs\ytc_templates\opencart\so_maxshop2\vqmod/xml/opencart_shortcodes.xml
   id        : 
   version   : 2.1.0
   vqmver    : 
   author    : EchoThemes

File Name    : catalog/controller/module/so_html_content.php(0)
VQModObject::applyMod - SEARCH NOT FOUND (ABORTING MOD): $data['description']
----------------------------------------------------------------------


---------- Date: 2016-06-01 03:59:54 ~ IP : ::1 ----------
REQUEST URI : /ytc_templates/opencart/so_maxshop2/
MOD DETAILS:
   modFile   : D:\xampp\htdocs\ytc_templates\opencart\so_maxshop2\vqmod/xml/opencart_shortcodes.xml
   id        : 
   version   : 2.1.0
   vqmver    : 
   author    : EchoThemes

File Name    : catalog/controller/module/so_html_content.php(0)
VQModObject::applyMod - SEARCH NOT FOUND (ABORTING MOD): $data['description']
----------------------------------------------------------------------


